#! /c/Source/iverilog-install/bin/vvp
:ivl_version "12.0 (devel)" "(s20150603-1110-g18392a46)";
:ivl_delay_selection "TYPICAL";
:vpi_time_precision + 0;
:vpi_module "C:\iverilog\lib\ivl\system.vpi";
:vpi_module "C:\iverilog\lib\ivl\vhdl_sys.vpi";
:vpi_module "C:\iverilog\lib\ivl\vhdl_textio.vpi";
:vpi_module "C:\iverilog\lib\ivl\v2005_math.vpi";
:vpi_module "C:\iverilog\lib\ivl\va_math.vpi";
S_000002a0b224ed70 .scope module, "alu" "alu" 2 1;
 .timescale 0 0;
    .port_info 0 /INPUT 4 "a";
    .port_info 1 /INPUT 4 "b";
    .port_info 2 /INPUT 3 "op";
    .port_info 3 /OUTPUT 4 "result";
o000002a0b2296fb8 .functor BUFZ 4, C4<zzzz>; HiZ drive
v000002a0b2263500_0 .net "a", 3 0, o000002a0b2296fb8;  0 drivers
o000002a0b2296fe8 .functor BUFZ 4, C4<zzzz>; HiZ drive
v000002a0b224ef00_0 .net "b", 3 0, o000002a0b2296fe8;  0 drivers
o000002a0b2297018 .functor BUFZ 3, C4<zzz>; HiZ drive
v000002a0b22630e0_0 .net "op", 2 0, o000002a0b2297018;  0 drivers
v000002a0b2292e90_0 .var "result", 3 0;
E_000002a0b224cad0 .event anyedge, v000002a0b22630e0_0, v000002a0b2263500_0, v000002a0b224ef00_0;
    .scope S_000002a0b224ed70;
T_0 ;
    %wait E_000002a0b224cad0;
    %load/vec4 v000002a0b22630e0_0;
    %dup/vec4;
    %pushi/vec4 0, 0, 3;
    %cmp/u;
    %jmp/1 T_0.0, 6;
    %dup/vec4;
    %pushi/vec4 1, 0, 3;
    %cmp/u;
    %jmp/1 T_0.1, 6;
    %dup/vec4;
    %pushi/vec4 2, 0, 3;
    %cmp/u;
    %jmp/1 T_0.2, 6;
    %dup/vec4;
    %pushi/vec4 3, 0, 3;
    %cmp/u;
    %jmp/1 T_0.3, 6;
    %dup/vec4;
    %pushi/vec4 4, 0, 3;
    %cmp/u;
    %jmp/1 T_0.4, 6;
    %dup/vec4;
    %pushi/vec4 5, 0, 3;
    %cmp/u;
    %jmp/1 T_0.5, 6;
    %dup/vec4;
    %pushi/vec4 6, 0, 3;
    %cmp/u;
    %jmp/1 T_0.6, 6;
    %dup/vec4;
    %pushi/vec4 7, 0, 3;
    %cmp/u;
    %jmp/1 T_0.7, 6;
    %pushi/vec4 0, 0, 4;
    %store/vec4 v000002a0b2292e90_0, 0, 4;
    %jmp T_0.9;
T_0.0 ;
    %load/vec4 v000002a0b2263500_0;
    %load/vec4 v000002a0b224ef00_0;
    %add;
    %store/vec4 v000002a0b2292e90_0, 0, 4;
    %jmp T_0.9;
T_0.1 ;
    %load/vec4 v000002a0b2263500_0;
    %load/vec4 v000002a0b224ef00_0;
    %sub;
    %store/vec4 v000002a0b2292e90_0, 0, 4;
    %jmp T_0.9;
T_0.2 ;
    %load/vec4 v000002a0b2263500_0;
    %load/vec4 v000002a0b224ef00_0;
    %and;
    %store/vec4 v000002a0b2292e90_0, 0, 4;
    %jmp T_0.9;
T_0.3 ;
    %load/vec4 v000002a0b2263500_0;
    %load/vec4 v000002a0b224ef00_0;
    %or;
    %store/vec4 v000002a0b2292e90_0, 0, 4;
    %jmp T_0.9;
T_0.4 ;
    %load/vec4 v000002a0b2263500_0;
    %load/vec4 v000002a0b224ef00_0;
    %xor;
    %store/vec4 v000002a0b2292e90_0, 0, 4;
    %jmp T_0.9;
T_0.5 ;
    %load/vec4 v000002a0b2263500_0;
    %ix/getv 4, v000002a0b224ef00_0;
    %shiftl 4;
    %store/vec4 v000002a0b2292e90_0, 0, 4;
    %jmp T_0.9;
T_0.6 ;
    %load/vec4 v000002a0b2263500_0;
    %ix/getv 4, v000002a0b224ef00_0;
    %shiftr 4;
    %store/vec4 v000002a0b2292e90_0, 0, 4;
    %jmp T_0.9;
T_0.7 ;
    %load/vec4 v000002a0b2263500_0;
    %load/vec4 v000002a0b224ef00_0;
    %cmp/e;
    %flag_get/vec4 4;
    %pad/u 4;
    %store/vec4 v000002a0b2292e90_0, 0, 4;
    %jmp T_0.9;
T_0.9 ;
    %pop/vec4 1;
    %jmp T_0;
    .thread T_0, $push;
# The file index is used to find the file name in the following table.
:file_names 3;
    "N/A";
    "<interactive>";
    "alu.v";
